#
# A fatal error has been detected by the Java Runtime Environment:
#
#  SIGSEGV (0xb) at pc=0x000000012531aa6b, pid=52885, tid=5891
#
# JRE version: Java(TM) SE Runtime Environment (11.0.6+8) (build 11.0.6+8-LTS)
# Java VM: Java HotSpot(TM) 64-Bit Server VM (11.0.6+8-LTS, mixed mode, tiered, compressed oops, g1 gc, bsd-amd64)
# Problematic frame:
# C  [libtesseract.4.dylib+0x17a6b]  tesseract::Tesseract::recog_all_words(PAGE_RES*, ETEXT_DESC*, TBOX const*, char const*, int)+0xaf
#
# No core dump will be written. Core dumps have been disabled. To enable core dumping, try "ulimit -c unlimited" before starting Java again
#
# If you would like to submit a bug report, please visit:
#   http://bugreport.java.com/bugreport/crash.jsp
# The crash happened outside the Java Virtual Machine in native code.
# See problematic frame for where to report the bug.
#

---------------  S U M M A R Y ------------

Command Line: -Dfile.encoding=UTF-8 -Duser.country=GB -Duser.language=en -Duser.variant Main

Host: MacBookPro15,4 x86_64 1400 MHz, 8 cores, 8G, Darwin 19.3.0
Time: Thu Sep 10 20:45:26 2020 BST elapsed time: 1 seconds (0d 0h 0m 1s)

---------------  T H R E A D  ---------------

Current thread (0x00007fcb03002800):  JavaThread "main" [_thread_in_native, id=5891, stack(0x000070000b943000,0x000070000ba43000)]

Stack: [0x000070000b943000,0x000070000ba43000],  sp=0x000070000ba41790,  free space=1017k
Native frames: (J=compiled Java code, A=aot compiled Java code, j=interpreted, Vv=VM code, C=native code)
C  [libtesseract.4.dylib+0x17a6b]  tesseract::Tesseract::recog_all_words(PAGE_RES*, ETEXT_DESC*, TBOX const*, char const*, int)+0xaf
C  [libtesseract.4.dylib+0x4647]  tesseract::TessBaseAPI::Recognize(ETEXT_DESC*)+0x379
C  [libtesseract.4.dylib+0x35e5]  tesseract::TessBaseAPI::GetUTF8Text()+0x2b
C  [jna6145493676159770824.tmp+0xde74]  ffi_call_unix64+0x4c

Java frames: (J=compiled Java code, j=interpreted, Vv=VM code)
j  com.sun.jna.Native.invokePointer(Lcom/sun/jna/Function;JI[Ljava/lang/Object;)J+0
j  com.sun.jna.Function.invokePointer(I[Ljava/lang/Object;)Lcom/sun/jna/Pointer;+7
j  com.sun.jna.Function.invoke([Ljava/lang/Object;Ljava/lang/Class;ZI)Ljava/lang/Object;+385
j  com.sun.jna.Function.invoke(Ljava/lang/reflect/Method;[Ljava/lang/Class;Ljava/lang/Class;[Ljava/lang/Object;Ljava/util/Map;)Ljava/lang/Object;+271
j  com.sun.jna.Library$Handler.invoke(Ljava/lang/Object;Ljava/lang/reflect/Method;[Ljava/lang/Object;)Ljava/lang/Object;+390
j  com.sun.proxy.$Proxy0.TessBaseAPIGetUTF8Text(Lnet/sourceforge/tess4j/ITessAPI$TessBaseAPI;)Lcom/sun/jna/Pointer;+16
j  net.sourceforge.tess4j.Tesseract.getOCRText(Ljava/lang/String;I)Ljava/lang/String;+269
j  net.sourceforge.tess4j.Tesseract.doOCR(Ljava/util/List;Ljava/lang/String;Ljava/awt/Rectangle;)Ljava/lang/String;+69
j  net.sourceforge.tess4j.Tesseract.doOCR(Ljava/util/List;Ljava/awt/Rectangle;)Ljava/lang/String;+4
j  net.sourceforge.tess4j.Tesseract.doOCR(Ljava/awt/image/BufferedImage;Ljava/awt/Rectangle;)Ljava/lang/String;+6
j  Main.main([Ljava/lang/String;)V+123
v  ~StubRoutines::call_stub

siginfo: si_signo: 11 (SIGSEGV), si_code: 1 (SEGV_MAPERR), si_addr: 0x000000000000000c

Register to memory mapping:

RAX=0x0 is NULL
RBX=0x00007fcb02745710 points into unknown readable memory: 00 00 00 00 00 00 00 00
RCX=0x0 is NULL
RDX=0x0000000000000001 is an unknown value
RSP=0x000070000ba41790 is pointing into the stack for thread: 0x00007fcb03002800
RBP=0x000070000ba41950 is pointing into the stack for thread: 0x00007fcb03002800
RSI=0x0000000000000001 is an unknown value
RDI=0x000070000ba417e8 is pointing into the stack for thread: 0x00007fcb03002800
R8 =0x0 is NULL
R9 =0x0 is NULL
R10=0x00000000ffffbfff is an unknown value
R11=0x00000000000016b0 is an unknown value
R12=0x0 is NULL
R13=0x0000000124e2d000 points into unknown readable memory: 00 72 4d 25 01 00 00 00
R14=0x0 is NULL
R15=0x0 is NULL


Registers:
RAX=0x0000000000000000, RBX=0x00007fcb02745710, RCX=0x0000000000000000, RDX=0x0000000000000001
RSP=0x000070000ba41790, RBP=0x000070000ba41950, RSI=0x0000000000000001, RDI=0x000070000ba417e8
R8 =0x0000000000000000, R9 =0x0000000000000000, R10=0x00000000ffffbfff, R11=0x00000000000016b0
R12=0x0000000000000000, R13=0x0000000124e2d000, R14=0x0000000000000000, R15=0x0000000000000000
RIP=0x000000012531aa6b, EFLAGS=0x0000000000010246, ERR=0x0000000000000004
  TRAPNO=0x000000000000000e

Top of Stack: (sp=0x000070000ba41790)
0x000070000ba41790:   00007fcb02747530 00007fcb02745710
0x000070000ba417a0:   0000000000000000 0000000000000000
0x000070000ba417b0:   0000000000000000 00007fcb02747e30
0x000070000ba417c0:   00007fcb02747310 00007fcb02748130
0x000070000ba417d0:   0000000000000000 0000000000000000
0x000070000ba417e0:   0000000000000000 00007fcb02745718
0x000070000ba417f0:   00007fcb02748130 00007fcb02748130
0x000070000ba41800:   00007fcb02748130 00007fcb02748130
0x000070000ba41810:   00007fcb02010000 00007fcb02748158
0x000070000ba41820:   00007fcb02747310 00007fcb02747310
0x000070000ba41830:   00007fcb02747310 00007fcb02747310
0x000070000ba41840:   000070000b010000 00007fcb02747330
0x000070000ba41850:   00007fcb02745f70 00007fcb02747e30
0x000070000ba41860:   00007fcb02744610 00007fcb02747e30
0x000070000ba41870:   000070000b010000 00007fcb02747330
0x000070000ba41880:   00007fcb02745f70 00007fcb02747e30
0x000070000ba41890:   00007fcb02744610 00007fcb02747e30
0x000070000ba418a0:   0000000000000000 00007fcb02747330
0x000070000ba418b0:   00007fcb02745f70 00007fcb02747e30
0x000070000ba418c0:   00007fcb02744610 00007fcb02747e30
0x000070000ba418d0:   000070000b000000 00000001253059a5
0x000070000ba418e0:   00007fcb04a381a0 00000001254b4754
0x000070000ba418f0:   0000000124e2d150 00007fcb02477cc0
0x000070000ba41900:   00007fcb02477cc0 0000000124e2d000
0x000070000ba41910:   0000000000000000 0000000000000000
0x000070000ba41920:   00007fcb02745710 000070000ba41901
0x000070000ba41930:   00007fcb02477cc0 0000000124e2d000
0x000070000ba41940:   00000000ffffffff 0000000000000000
0x000070000ba41950:   000070000ba419c0 0000000125307647
0x000070000ba41960:   000070000ba41980 0000000102d08187
0x000070000ba41970:   0000000000000001 0000000000000005
0x000070000ba41980:   000070000ba419a0 0000000102d081a1 

Instructions: (pc=0x000000012531aa6b)
0x000000012531aa4b:   e8 40 fa 11 00 41 83 bd 08 14 00 00 00 7e 0a 4c
0x000000012531aa5b:   89 ef e8 e6 97 0b 00 eb 15 49 8b 85 b0 09 00 00
0x000000012531aa6b:   80 78 0c 00 74 08 4c 89 ef e8 43 98 0b 00 41 83
0x000000012531aa7b:   bd d8 44 02 00 00 7e 3e 31 db 49 8b 85 e0 44 02 

Stack slot to memory mapping:
stack at sp + 0 slots: 0x00007fcb02747530 points into unknown readable memory: 10 3f 74 02 cb 7f 00 00
stack at sp + 1 slots: 0x00007fcb02745710 points into unknown readable memory: 00 00 00 00 00 00 00 00
stack at sp + 2 slots: 0x0 is NULL
stack at sp + 3 slots: 0x0 is NULL
stack at sp + 4 slots: 0x0 is NULL
stack at sp + 5 slots: 0x00007fcb02747e30 points into unknown readable memory: 10 46 74 02 cb 7f 00 00
stack at sp + 6 slots: 0x00007fcb02747310 points into unknown readable memory: 10 73 74 02 cb 7f 00 00
stack at sp + 7 slots: 0x00007fcb02748130 points into unknown readable memory: 30 81 74 02 cb 7f 00 00


---------------  P R O C E S S  ---------------

Threads class SMR info:
_java_thread_list=0x00007fcb02467ee0, length=10, elements={
0x00007fcb03002800, 0x00007fcb02809800, 0x00007fcb04005800, 0x00007fcb05803000,
0x00007fcb04035000, 0x00007fcb04036000, 0x00007fcb0280d800, 0x00007fcb030c0000,
0x00007fcb030be000, 0x00007fcb031d5000
}

Java Threads: ( => current thread )
=>0x00007fcb03002800 JavaThread "main" [_thread_in_native, id=5891, stack(0x000070000b943000,0x000070000ba43000)]
  0x00007fcb02809800 JavaThread "Reference Handler" daemon [_thread_blocked, id=19971, stack(0x000070000c058000,0x000070000c158000)]
  0x00007fcb04005800 JavaThread "Finalizer" daemon [_thread_blocked, id=19459, stack(0x000070000c15b000,0x000070000c25b000)]
  0x00007fcb05803000 JavaThread "Signal Dispatcher" daemon [_thread_blocked, id=15875, stack(0x000070000c364000,0x000070000c464000)]
  0x00007fcb04035000 JavaThread "C2 CompilerThread0" daemon [_thread_blocked, id=17667, stack(0x000070000c467000,0x000070000c567000)]
  0x00007fcb04036000 JavaThread "C1 CompilerThread0" daemon [_thread_blocked, id=16899, stack(0x000070000c56a000,0x000070000c66a000)]
  0x00007fcb0280d800 JavaThread "Sweeper thread" daemon [_thread_blocked, id=22019, stack(0x000070000c66d000,0x000070000c76d000)]
  0x00007fcb030c0000 JavaThread "Service Thread" daemon [_thread_blocked, id=43011, stack(0x000070000c770000,0x000070000c870000)]
  0x00007fcb030be000 JavaThread "Common-Cleaner" daemon [_thread_blocked, id=23043, stack(0x000070000c976000,0x000070000ca76000)]
  0x00007fcb031d5000 JavaThread "Java2D Disposer" daemon [_thread_blocked, id=23559, stack(0x000070000ca79000,0x000070000cb79000)]

Other Threads:
  0x00007fcb05802000 VMThread "VM Thread" [stack: 0x000070000bf55000,0x000070000c055000] [id=13315]
  0x00007fcb03099800 WatcherThread [stack: 0x000070000c873000,0x000070000c973000] [id=42755]
  0x00007fcb03003800 GCTaskThread "GC Thread#0" [stack: 0x000070000ba46000,0x000070000bb46000] [id=21507]
  0x00007fcb0302f000 ConcurrentGCThread "G1 Main Marker" [stack: 0x000070000bb49000,0x000070000bc49000] [id=12035]
  0x00007fcb03030000 ConcurrentGCThread "G1 Conc#0" [stack: 0x000070000bc4c000,0x000070000bd4c000] [id=12547]
  0x00007fcb05000000 ConcurrentGCThread "G1 Refine#0" [stack: 0x000070000bd4f000,0x000070000be4f000] [id=12803]
  0x00007fcb03090800 ConcurrentGCThread "G1 Young RemSet Sampling" [stack: 0x000070000be52000,0x000070000bf52000] [id=20483]

Threads with active compile tasks:

VM state:not at safepoint (normal execution)

VM Mutex/Monitor currently owned by a thread: None

Heap address: 0x0000000780000000, size: 2048 MB, Compressed Oops mode: Zero based, Oop shift amount: 3
Narrow klass base: 0x0000000800000000, Narrow klass shift: 0
Compressed class space size: 1073741824 Address: 0x0000000800000000

Heap:
 garbage-first heap   total 131072K, used 56320K [0x0000000780000000, 0x0000000800000000)
  region size 1024K, 24 young (24576K), 0 survivors (0K)
 Metaspace       used 12028K, capacity 12276K, committed 12544K, reserved 1060864K
  class space    used 1141K, capacity 1241K, committed 1280K, reserved 1048576K
Heap Regions: E=young(eden), S=young(survivor), O=old, HS=humongous(starts), HC=humongous(continues), CS=collection set, F=free, A=archive, TAMS=top-at-mark-start (previous, next)
|   0|0x0000000780000000, 0x0000000780100000, 0x0000000780100000|100%|HS|  |TAMS 0x0000000780000000, 0x0000000780000000| Complete 
|   1|0x0000000780100000, 0x0000000780200000, 0x0000000780200000|100%|HC|  |TAMS 0x0000000780100000, 0x0000000780100000| Complete 
|   2|0x0000000780200000, 0x0000000780300000, 0x0000000780300000|100%|HC|  |TAMS 0x0000000780200000, 0x0000000780200000| Complete 
|   3|0x0000000780300000, 0x0000000780400000, 0x0000000780400000|100%|HC|  |TAMS 0x0000000780300000, 0x0000000780300000| Complete 
|   4|0x0000000780400000, 0x0000000780500000, 0x0000000780500000|100%|HC|  |TAMS 0x0000000780400000, 0x0000000780400000| Complete 
|   5|0x0000000780500000, 0x0000000780600000, 0x0000000780600000|100%|HC|  |TAMS 0x0000000780500000, 0x0000000780500000| Complete 
|   6|0x0000000780600000, 0x0000000780700000, 0x0000000780700000|100%|HC|  |TAMS 0x0000000780600000, 0x0000000780600000| Complete 
|   7|0x0000000780700000, 0x0000000780800000, 0x0000000780800000|100%|HC|  |TAMS 0x0000000780700000, 0x0000000780700000| Complete 
|   8|0x0000000780800000, 0x0000000780900000, 0x0000000780900000|100%|HC|  |TAMS 0x0000000780800000, 0x0000000780800000| Complete 
|   9|0x0000000780900000, 0x0000000780a00000, 0x0000000780a00000|100%|HC|  |TAMS 0x0000000780900000, 0x0000000780900000| Complete 
|  10|0x0000000780a00000, 0x0000000780b00000, 0x0000000780b00000|100%|HC|  |TAMS 0x0000000780a00000, 0x0000000780a00000| Complete 
|  11|0x0000000780b00000, 0x0000000780c00000, 0x0000000780c00000|100%|HS|  |TAMS 0x0000000780b00000, 0x0000000780b00000| Complete 
|  12|0x0000000780c00000, 0x0000000780d00000, 0x0000000780d00000|100%|HC|  |TAMS 0x0000000780c00000, 0x0000000780c00000| Complete 
|  13|0x0000000780d00000, 0x0000000780e00000, 0x0000000780e00000|100%|HC|  |TAMS 0x0000000780d00000, 0x0000000780d00000| Complete 
|  14|0x0000000780e00000, 0x0000000780f00000, 0x0000000780f00000|100%|HC|  |TAMS 0x0000000780e00000, 0x0000000780e00000| Complete 
|  15|0x0000000780f00000, 0x0000000781000000, 0x0000000781000000|100%|HC|  |TAMS 0x0000000780f00000, 0x0000000780f00000| Complete 
|  16|0x0000000781000000, 0x0000000781100000, 0x0000000781100000|100%|HC|  |TAMS 0x0000000781000000, 0x0000000781000000| Complete 
|  17|0x0000000781100000, 0x0000000781200000, 0x0000000781200000|100%|HC|  |TAMS 0x0000000781100000, 0x0000000781100000| Complete 
|  18|0x0000000781200000, 0x0000000781300000, 0x0000000781300000|100%|HC|  |TAMS 0x0000000781200000, 0x0000000781200000| Complete 
|  19|0x0000000781300000, 0x0000000781400000, 0x0000000781400000|100%|HC|  |TAMS 0x0000000781300000, 0x0000000781300000| Complete 
|  20|0x0000000781400000, 0x0000000781500000, 0x0000000781500000|100%|HC|  |TAMS 0x0000000781400000, 0x0000000781400000| Complete 
|  21|0x0000000781500000, 0x0000000781600000, 0x0000000781600000|100%|HC|  |TAMS 0x0000000781500000, 0x0000000781500000| Complete 
|  22|0x0000000781600000, 0x0000000781700000, 0x0000000781700000|100%|HS|  |TAMS 0x0000000781600000, 0x0000000781600000| Complete 
|  23|0x0000000781700000, 0x0000000781800000, 0x0000000781800000|100%|HC|  |TAMS 0x0000000781700000, 0x0000000781700000| Complete 
|  24|0x0000000781800000, 0x0000000781900000, 0x0000000781900000|100%|HC|  |TAMS 0x0000000781800000, 0x0000000781800000| Complete 
|  25|0x0000000781900000, 0x0000000781a00000, 0x0000000781a00000|100%|HC|  |TAMS 0x0000000781900000, 0x0000000781900000| Complete 
|  26|0x0000000781a00000, 0x0000000781b00000, 0x0000000781b00000|100%|HC|  |TAMS 0x0000000781a00000, 0x0000000781a00000| Complete 
|  27|0x0000000781b00000, 0x0000000781c00000, 0x0000000781c00000|100%|HC|  |TAMS 0x0000000781b00000, 0x0000000781b00000| Complete 
|  28|0x0000000781c00000, 0x0000000781d00000, 0x0000000781d00000|100%|HC|  |TAMS 0x0000000781c00000, 0x0000000781c00000| Complete 
|  29|0x0000000781d00000, 0x0000000781e00000, 0x0000000781e00000|100%|HC|  |TAMS 0x0000000781d00000, 0x0000000781d00000| Complete 
|  30|0x0000000781e00000, 0x0000000781f00000, 0x0000000781f00000|100%|HC|  |TAMS 0x0000000781e00000, 0x0000000781e00000| Complete 
|  31|0x0000000781f00000, 0x0000000782000000, 0x0000000782000000|100%|HC|  |TAMS 0x0000000781f00000, 0x0000000781f00000| Complete 
|  32|0x0000000782000000, 0x0000000782100000, 0x0000000782100000|100%|HC|  |TAMS 0x0000000782000000, 0x0000000782000000| Complete 
|  33|0x0000000782100000, 0x0000000782100000, 0x0000000782200000|  0%| F|  |TAMS 0x0000000782100000, 0x0000000782100000| Untracked 
|  34|0x0000000782200000, 0x0000000782200000, 0x0000000782300000|  0%| F|  |TAMS 0x0000000782200000, 0x0000000782200000| Untracked 
|  35|0x0000000782300000, 0x0000000782300000, 0x0000000782400000|  0%| F|  |TAMS 0x0000000782300000, 0x0000000782300000| Untracked 
|  36|0x0000000782400000, 0x0000000782400000, 0x0000000782500000|  0%| F|  |TAMS 0x0000000782400000, 0x0000000782400000| Untracked 
|  37|0x0000000782500000, 0x0000000782500000, 0x0000000782600000|  0%| F|  |TAMS 0x0000000782500000, 0x0000000782500000| Untracked 
|  38|0x0000000782600000, 0x0000000782600000, 0x0000000782700000|  0%| F|  |TAMS 0x0000000782600000, 0x0000000782600000| Untracked 
|  39|0x0000000782700000, 0x0000000782700000, 0x0000000782800000|  0%| F|  |TAMS 0x0000000782700000, 0x0000000782700000| Untracked 
|  40|0x0000000782800000, 0x0000000782800000, 0x0000000782900000|  0%| F|  |TAMS 0x0000000782800000, 0x0000000782800000| Untracked 
|  41|0x0000000782900000, 0x0000000782900000, 0x0000000782a00000|  0%| F|  |TAMS 0x0000000782900000, 0x0000000782900000| Untracked 
|  42|0x0000000782a00000, 0x0000000782a00000, 0x0000000782b00000|  0%| F|  |TAMS 0x0000000782a00000, 0x0000000782a00000| Untracked 
|  43|0x0000000782b00000, 0x0000000782b00000, 0x0000000782c00000|  0%| F|  |TAMS 0x0000000782b00000, 0x0000000782b00000| Untracked 
|  44|0x0000000782c00000, 0x0000000782c00000, 0x0000000782d00000|  0%| F|  |TAMS 0x0000000782c00000, 0x0000000782c00000| Untracked 
|  45|0x0000000782d00000, 0x0000000782d00000, 0x0000000782e00000|  0%| F|  |TAMS 0x0000000782d00000, 0x0000000782d00000| Untracked 
|  46|0x0000000782e00000, 0x0000000782e00000, 0x0000000782f00000|  0%| F|  |TAMS 0x0000000782e00000, 0x0000000782e00000| Untracked 
|  47|0x0000000782f00000, 0x0000000782f00000, 0x0000000783000000|  0%| F|  |TAMS 0x0000000782f00000, 0x0000000782f00000| Untracked 
|  48|0x0000000783000000, 0x0000000783000000, 0x0000000783100000|  0%| F|  |TAMS 0x0000000783000000, 0x0000000783000000| Untracked 
|  49|0x0000000783100000, 0x0000000783100000, 0x0000000783200000|  0%| F|  |TAMS 0x0000000783100000, 0x0000000783100000| Untracked 
|  50|0x0000000783200000, 0x0000000783200000, 0x0000000783300000|  0%| F|  |TAMS 0x0000000783200000, 0x0000000783200000| Untracked 
|  51|0x0000000783300000, 0x0000000783300000, 0x0000000783400000|  0%| F|  |TAMS 0x0000000783300000, 0x0000000783300000| Untracked 
|  52|0x0000000783400000, 0x0000000783400000, 0x0000000783500000|  0%| F|  |TAMS 0x0000000783400000, 0x0000000783400000| Untracked 
|  53|0x0000000783500000, 0x0000000783500000, 0x0000000783600000|  0%| F|  |TAMS 0x0000000783500000, 0x0000000783500000| Untracked 
|  54|0x0000000783600000, 0x0000000783600000, 0x0000000783700000|  0%| F|  |TAMS 0x0000000783600000, 0x0000000783600000| Untracked 
|  55|0x0000000783700000, 0x0000000783700000, 0x0000000783800000|  0%| F|  |TAMS 0x0000000783700000, 0x0000000783700000| Untracked 
|  56|0x0000000783800000, 0x0000000783800000, 0x0000000783900000|  0%| F|  |TAMS 0x0000000783800000, 0x0000000783800000| Untracked 
|  57|0x0000000783900000, 0x0000000783900000, 0x0000000783a00000|  0%| F|  |TAMS 0x0000000783900000, 0x0000000783900000| Untracked 
|  58|0x0000000783a00000, 0x0000000783a00000, 0x0000000783b00000|  0%| F|  |TAMS 0x0000000783a00000, 0x0000000783a00000| Untracked 
|  59|0x0000000783b00000, 0x0000000783b00000, 0x0000000783c00000|  0%| F|  |TAMS 0x0000000783b00000, 0x0000000783b00000| Untracked 
|  60|0x0000000783c00000, 0x0000000783c00000, 0x0000000783d00000|  0%| F|  |TAMS 0x0000000783c00000, 0x0000000783c00000| Untracked 
|  61|0x0000000783d00000, 0x0000000783d00000, 0x0000000783e00000|  0%| F|  |TAMS 0x0000000783d00000, 0x0000000783d00000| Untracked 
|  62|0x0000000783e00000, 0x0000000783e00000, 0x0000000783f00000|  0%| F|  |TAMS 0x0000000783e00000, 0x0000000783e00000| Untracked 
|  63|0x0000000783f00000, 0x0000000783f00000, 0x0000000784000000|  0%| F|  |TAMS 0x0000000783f00000, 0x0000000783f00000| Untracked 
|  64|0x0000000784000000, 0x0000000784000000, 0x0000000784100000|  0%| F|  |TAMS 0x0000000784000000, 0x0000000784000000| Untracked 
|  65|0x0000000784100000, 0x0000000784100000, 0x0000000784200000|  0%| F|  |TAMS 0x0000000784100000, 0x0000000784100000| Untracked 
|  66|0x0000000784200000, 0x0000000784200000, 0x0000000784300000|  0%| F|  |TAMS 0x0000000784200000, 0x0000000784200000| Untracked 
|  67|0x0000000784300000, 0x0000000784300000, 0x0000000784400000|  0%| F|  |TAMS 0x0000000784300000, 0x0000000784300000| Untracked 
|  68|0x0000000784400000, 0x0000000784400000, 0x0000000784500000|  0%| F|  |TAMS 0x0000000784400000, 0x0000000784400000| Untracked 
|  69|0x0000000784500000, 0x0000000784500000, 0x0000000784600000|  0%| F|  |TAMS 0x0000000784500000, 0x0000000784500000| Untracked 
|  70|0x0000000784600000, 0x0000000784600000, 0x0000000784700000|  0%| F|  |TAMS 0x0000000784600000, 0x0000000784600000| Untracked 
|  71|0x0000000784700000, 0x0000000784700000, 0x0000000784800000|  0%| F|  |TAMS 0x0000000784700000, 0x0000000784700000| Untracked 
|  72|0x0000000784800000, 0x0000000784800000, 0x0000000784900000|  0%| F|  |TAMS 0x0000000784800000, 0x0000000784800000| Untracked 
|  73|0x0000000784900000, 0x0000000784900000, 0x0000000784a00000|  0%| F|  |TAMS 0x0000000784900000, 0x0000000784900000| Untracked 
|  74|0x0000000784a00000, 0x0000000784a00000, 0x0000000784b00000|  0%| F|  |TAMS 0x0000000784a00000, 0x0000000784a00000| Untracked 
|  75|0x0000000784b00000, 0x0000000784b00000, 0x0000000784c00000|  0%| F|  |TAMS 0x0000000784b00000, 0x0000000784b00000| Untracked 
|  76|0x0000000784c00000, 0x0000000784c00000, 0x0000000784d00000|  0%| F|  |TAMS 0x0000000784c00000, 0x0000000784c00000| Untracked 
|  77|0x0000000784d00000, 0x0000000784d00000, 0x0000000784e00000|  0%| F|  |TAMS 0x0000000784d00000, 0x0000000784d00000| Untracked 
|  78|0x0000000784e00000, 0x0000000784e00000, 0x0000000784f00000|  0%| F|  |TAMS 0x0000000784e00000, 0x0000000784e00000| Untracked 
|  79|0x0000000784f00000, 0x0000000784f00000, 0x0000000785000000|  0%| F|  |TAMS 0x0000000784f00000, 0x0000000784f00000| Untracked 
|  80|0x0000000785000000, 0x0000000785000000, 0x0000000785100000|  0%| F|  |TAMS 0x0000000785000000, 0x0000000785000000| Untracked 
|  81|0x0000000785100000, 0x0000000785100000, 0x0000000785200000|  0%| F|  |TAMS 0x0000000785100000, 0x0000000785100000| Untracked 
|  82|0x0000000785200000, 0x0000000785200000, 0x0000000785300000|  0%| F|  |TAMS 0x0000000785200000, 0x0000000785200000| Untracked 
|  83|0x0000000785300000, 0x0000000785300000, 0x0000000785400000|  0%| F|  |TAMS 0x0000000785300000, 0x0000000785300000| Untracked 
|  84|0x0000000785400000, 0x0000000785400000, 0x0000000785500000|  0%| F|  |TAMS 0x0000000785400000, 0x0000000785400000| Untracked 
|  85|0x0000000785500000, 0x0000000785500000, 0x0000000785600000|  0%| F|  |TAMS 0x0000000785500000, 0x0000000785500000| Untracked 
|  86|0x0000000785600000, 0x0000000785600000, 0x0000000785700000|  0%| F|  |TAMS 0x0000000785600000, 0x0000000785600000| Untracked 
|  87|0x0000000785700000, 0x0000000785700000, 0x0000000785800000|  0%| F|  |TAMS 0x0000000785700000, 0x0000000785700000| Untracked 
|  88|0x0000000785800000, 0x0000000785800000, 0x0000000785900000|  0%| F|  |TAMS 0x0000000785800000, 0x0000000785800000| Untracked 
|  89|0x0000000785900000, 0x0000000785900000, 0x0000000785a00000|  0%| F|  |TAMS 0x0000000785900000, 0x0000000785900000| Untracked 
|  90|0x0000000785a00000, 0x0000000785a00000, 0x0000000785b00000|  0%| F|  |TAMS 0x0000000785a00000, 0x0000000785a00000| Untracked 
|  91|0x0000000785b00000, 0x0000000785b00000, 0x0000000785c00000|  0%| F|  |TAMS 0x0000000785b00000, 0x0000000785b00000| Untracked 
|  92|0x0000000785c00000, 0x0000000785c00000, 0x0000000785d00000|  0%| F|  |TAMS 0x0000000785c00000, 0x0000000785c00000| Untracked 
|  93|0x0000000785d00000, 0x0000000785d00000, 0x0000000785e00000|  0%| F|  |TAMS 0x0000000785d00000, 0x0000000785d00000| Untracked 
|  94|0x0000000785e00000, 0x0000000785e00000, 0x0000000785f00000|  0%| F|  |TAMS 0x0000000785e00000, 0x0000000785e00000| Untracked 
|  95|0x0000000785f00000, 0x0000000785f00000, 0x0000000786000000|  0%| F|  |TAMS 0x0000000785f00000, 0x0000000785f00000| Untracked 
|  96|0x0000000786000000, 0x0000000786000000, 0x0000000786100000|  0%| F|  |TAMS 0x0000000786000000, 0x0000000786000000| Untracked 
|  97|0x0000000786100000, 0x0000000786100000, 0x0000000786200000|  0%| F|  |TAMS 0x0000000786100000, 0x0000000786100000| Untracked 
|  98|0x0000000786200000, 0x0000000786200000, 0x0000000786300000|  0%| F|  |TAMS 0x0000000786200000, 0x0000000786200000| Untracked 
|  99|0x0000000786300000, 0x0000000786300000, 0x0000000786400000|  0%| F|  |TAMS 0x0000000786300000, 0x0000000786300000| Untracked 
| 100|0x0000000786400000, 0x0000000786400000, 0x0000000786500000|  0%| F|  |TAMS 0x0000000786400000, 0x0000000786400000| Untracked 
| 101|0x0000000786500000, 0x0000000786500000, 0x0000000786600000|  0%| F|  |TAMS 0x0000000786500000, 0x0000000786500000| Untracked 
| 102|0x0000000786600000, 0x0000000786600000, 0x0000000786700000|  0%| F|  |TAMS 0x0000000786600000, 0x0000000786600000| Untracked 
| 103|0x0000000786700000, 0x0000000786700000, 0x0000000786800000|  0%| F|  |TAMS 0x0000000786700000, 0x0000000786700000| Untracked 
| 104|0x0000000786800000, 0x000000078688ae78, 0x0000000786900000| 54%| E|  |TAMS 0x0000000786800000, 0x0000000786800000| Complete 
| 105|0x0000000786900000, 0x0000000786a00000, 0x0000000786a00000|100%| E|  |TAMS 0x0000000786900000, 0x0000000786900000| Complete 
| 106|0x0000000786a00000, 0x0000000786b00000, 0x0000000786b00000|100%| E|CS|TAMS 0x0000000786a00000, 0x0000000786a00000| Complete 
| 107|0x0000000786b00000, 0x0000000786c00000, 0x0000000786c00000|100%| E|CS|TAMS 0x0000000786b00000, 0x0000000786b00000| Complete 
| 108|0x0000000786c00000, 0x0000000786d00000, 0x0000000786d00000|100%| E|CS|TAMS 0x0000000786c00000, 0x0000000786c00000| Complete 
| 109|0x0000000786d00000, 0x0000000786e00000, 0x0000000786e00000|100%| E|CS|TAMS 0x0000000786d00000, 0x0000000786d00000| Complete 
| 110|0x0000000786e00000, 0x0000000786f00000, 0x0000000786f00000|100%| E|CS|TAMS 0x0000000786e00000, 0x0000000786e00000| Complete 
| 111|0x0000000786f00000, 0x0000000787000000, 0x0000000787000000|100%| E|CS|TAMS 0x0000000786f00000, 0x0000000786f00000| Complete 
| 112|0x0000000787000000, 0x0000000787100000, 0x0000000787100000|100%| E|CS|TAMS 0x0000000787000000, 0x0000000787000000| Complete 
| 113|0x0000000787100000, 0x0000000787200000, 0x0000000787200000|100%| E|CS|TAMS 0x0000000787100000, 0x0000000787100000| Complete 
| 114|0x0000000787200000, 0x0000000787300000, 0x0000000787300000|100%| E|CS|TAMS 0x0000000787200000, 0x0000000787200000| Complete 
| 115|0x0000000787300000, 0x0000000787400000, 0x0000000787400000|100%| E|CS|TAMS 0x0000000787300000, 0x0000000787300000| Complete 
| 116|0x0000000787400000, 0x0000000787500000, 0x0000000787500000|100%| E|CS|TAMS 0x0000000787400000, 0x0000000787400000| Complete 
| 117|0x0000000787500000, 0x0000000787600000, 0x0000000787600000|100%| E|CS|TAMS 0x0000000787500000, 0x0000000787500000| Complete 
| 118|0x0000000787600000, 0x0000000787700000, 0x0000000787700000|100%| E|CS|TAMS 0x0000000787600000, 0x0000000787600000| Complete 
| 119|0x0000000787700000, 0x0000000787800000, 0x0000000787800000|100%| E|CS|TAMS 0x0000000787700000, 0x0000000787700000| Complete 
| 120|0x0000000787800000, 0x0000000787900000, 0x0000000787900000|100%| E|CS|TAMS 0x0000000787800000, 0x0000000787800000| Complete 
| 121|0x0000000787900000, 0x0000000787a00000, 0x0000000787a00000|100%| E|CS|TAMS 0x0000000787900000, 0x0000000787900000| Complete 
| 122|0x0000000787a00000, 0x0000000787b00000, 0x0000000787b00000|100%| E|CS|TAMS 0x0000000787a00000, 0x0000000787a00000| Complete 
| 123|0x0000000787b00000, 0x0000000787c00000, 0x0000000787c00000|100%| E|CS|TAMS 0x0000000787b00000, 0x0000000787b00000| Complete 
| 124|0x0000000787c00000, 0x0000000787d00000, 0x0000000787d00000|100%| E|CS|TAMS 0x0000000787c00000, 0x0000000787c00000| Complete 
| 125|0x0000000787d00000, 0x0000000787e00000, 0x0000000787e00000|100%| E|CS|TAMS 0x0000000787d00000, 0x0000000787d00000| Complete 
| 126|0x0000000787e00000, 0x0000000787f00000, 0x0000000787f00000|100%| E|CS|TAMS 0x0000000787e00000, 0x0000000787e00000| Complete 
| 127|0x0000000787f00000, 0x0000000788000000, 0x0000000788000000|100%| E|CS|TAMS 0x0000000787f00000, 0x0000000787f00000| Complete 

Card table byte_map: [0x000000010c3be000,0x000000010c7be000] _byte_map_base: 0x00000001087be000

Marking Bits (Prev, Next): (CMBitMap*) 0x00007fcb03026818, (CMBitMap*) 0x00007fcb03026850
 Prev Bits: [0x000000011c687000, 0x000000011e687000)
 Next Bits: [0x000000011e687000, 0x0000000120687000)

Polling page: 0x00000001014b0000

Metaspace:

Usage:
  Non-class:     10.78 MB capacity,    10.63 MB ( 99%) used,   130.01 KB (  1%) free+waste,    18.25 KB ( <1%) overhead. 
      Class:      1.21 MB capacity,     1.12 MB ( 92%) used,    90.70 KB (  7%) free+waste,     8.44 KB ( <1%) overhead. 
       Both:     11.99 MB capacity,    11.75 MB ( 98%) used,   220.71 KB (  2%) free+waste,    26.69 KB ( <1%) overhead. 

Virtual space:
  Non-class space:       12.00 MB reserved,      11.00 MB ( 92%) committed 
      Class space:        1.00 GB reserved,       1.25 MB ( <1%) committed 
             Both:        1.01 GB reserved,      12.25 MB (  1%) committed 

Chunk freelists:
   Non-Class:  11.12 KB
       Class:  896 bytes
        Both:  12.00 KB

CodeHeap 'non-profiled nmethods': size=120032Kb used=267Kb max_used=267Kb free=119764Kb
 bounds [0x000000011514f000, 0x00000001153bf000, 0x000000011c687000]
CodeHeap 'profiled nmethods': size=120028Kb used=1734Kb max_used=1734Kb free=118294Kb
 bounds [0x000000010dc18000, 0x000000010de88000, 0x000000011514f000]
CodeHeap 'non-nmethods': size=5700Kb used=1102Kb max_used=1119Kb free=4597Kb
 bounds [0x000000010d687000, 0x000000010d8f7000, 0x000000010dc18000]
 total_blobs=1520 nmethods=914 adapters=334
 compilation: enabled
              stopped_count=0, restarted_count=0
 full_count=0

Compilation events (10 events):
Event: 1.002 Thread 0x00007fcb04036000 nmethod 912 0x000000010ddc8810 code [0x000000010ddc89e0, 0x000000010ddc8d88]
Event: 1.002 Thread 0x00007fcb04036000  913   !   3       jdk.internal.ref.PhantomCleanable::remove (60 bytes)
Event: 1.002 Thread 0x00007fcb04036000 nmethod 913 0x000000010ddc8f10 code [0x000000010ddc90e0, 0x000000010ddc9650]
Event: 1.004 Thread 0x00007fcb04035000 nmethod 896 0x000000011518e790 code [0x000000011518e940, 0x000000011518ed38]
Event: 1.004 Thread 0x00007fcb04035000  872       4       java.util.HashMap::get (23 bytes)
Event: 1.007 Thread 0x00007fcb04035000 nmethod 872 0x000000011518ef90 code [0x000000011518f140, 0x000000011518f398]
Event: 1.007 Thread 0x00007fcb04035000  914       4       sun.awt.image.ByteInterleavedRaster::getByteData (851 bytes)
Event: 1.043 Thread 0x00007fcb04035000 nmethod 914 0x000000011518f590 code [0x000000011518f780, 0x0000000115190fb8]
Event: 1.043 Thread 0x00007fcb04035000  873       4       java.lang.reflect.ProxyGenerator$ConstantPool$IndirectEntry::hashCode (15 bytes)
Event: 1.043 Thread 0x00007fcb04035000 nmethod 873 0x0000000115191b10 code [0x0000000115191ca0, 0x0000000115191d18]

GC Heap History (0 events):
No events

Deoptimization events (2 events):
Event: 0.082 Thread 0x00007fcb03002800 Uncommon trap: reason=unstable_if action=reinterpret pc=0x0000000115154020 method=java.lang.String.hashCode()I @ 14 c2
Event: 0.481 Thread 0x00007fcb03002800 Uncommon trap: reason=unstable_if action=reinterpret pc=0x0000000115150314 method=java.lang.String.isLatin1()Z @ 10 c2

Classes redefined (0 events):
No events

Internal exceptions (10 events):
Event: 0.157 Thread 0x00007fcb03002800 Exception <a 'java/lang/ClassNotFoundException'{0x0000000787dbf750}: sun/awt/resources/spi/awtProvider> (0x0000000787dbf750) thrown at [/scratch/mesos/slaves/d65fa3d4-10de-46aa-a2db-52cc9981537a-S382/frameworks/1735e8a2-a1db-478c-8104-60c8b0af87dd-0196/ex
Event: 0.207 Thread 0x00007fcb03002800 Exception <a 'java/io/FileNotFoundException'{0x0000000787c58dd8}> (0x0000000787c58dd8) thrown at [/scratch/mesos/slaves/d65fa3d4-10de-46aa-a2db-52cc9981537a-S382/frameworks/1735e8a2-a1db-478c-8104-60c8b0af87dd-0196/executors/e9a9c702-ca07-4cb0-bf68-f4da15
Event: 0.222 Thread 0x00007fcb03002800 Exception <a 'java/lang/NoSuchMethodError'{0x0000000787cb3f70}: java.lang.invoke.DirectMethodHandle$Holder.invokeStatic(Ljava/lang/Object;Ljava/lang/Object;Ljava/lang/Object;Ljava/lang/Object;Ljava/lang/Object;Ljava/lang/Object;Ljava/lang/Object;Ljava/lan
Event: 0.224 Thread 0x00007fcb03002800 Exception <a 'java/lang/NoSuchMethodError'{0x0000000787cc1ce0}: java.lang.invoke.DirectMethodHandle$Holder.invokeStatic(Ljava/lang/Object;Ljava/lang/Object;Ljava/lang/Object;Ljava/lang/Object;Ljava/lang/Object;Ljava/lang/Object;Ljava/lang/Object;Ljava/lan
Event: 0.225 Thread 0x00007fcb03002800 Exception <a 'java/lang/NoSuchMethodError'{0x0000000787ccf948}: java.lang.invoke.DirectMethodHandle$Holder.invokeSpecial(Ljava/lang/Object;Ljava/lang/Object;IILjava/lang/Object;Ljava/lang/Object;Ljava/lang/Object;)Ljava/lang/Object;> (0x0000000787ccf948) 
Event: 0.226 Thread 0x00007fcb03002800 Exception <a 'java/lang/NoSuchMethodError'{0x0000000787cd2ed0}: java.lang.invoke.DelegatingMethodHandle$Holder.reinvoke_L(Ljava/lang/Object;IILjava/lang/Object;Ljava/lang/Object;Ljava/lang/Object;)Ljava/lang/Object;> (0x0000000787cd2ed0) thrown at [/scrat
Event: 0.226 Thread 0x00007fcb03002800 Exception <a 'java/lang/NoSuchMethodError'{0x0000000787cd7258}: java.lang.invoke.DirectMethodHandle$Holder.invokeStatic(Ljava/lang/Object;Ljava/lang/Object;Ljava/lang/Object;Ljava/lang/Object;I)Ljava/lang/Object;> (0x0000000787cd7258) thrown at [/scratch/
Event: 0.236 Thread 0x00007fcb03002800 Exception <a 'java/io/FileNotFoundException'{0x0000000787b3a3e0}> (0x0000000787b3a3e0) thrown at [/scratch/mesos/slaves/d65fa3d4-10de-46aa-a2db-52cc9981537a-S382/frameworks/1735e8a2-a1db-478c-8104-60c8b0af87dd-0196/executors/e9a9c702-ca07-4cb0-bf68-f4da15
Event: 0.433 Thread 0x00007fcb03002800 Exception <a 'java/lang/ClassNotFoundException'{0x0000000786daf130}: javax/smartcardio/CardPermission> (0x0000000786daf130) thrown at [/scratch/mesos/slaves/d65fa3d4-10de-46aa-a2db-52cc9981537a-S382/frameworks/1735e8a2-a1db-478c-8104-60c8b0af87dd-0196/exe
Event: 0.435 Thread 0x00007fcb03002800 Exception <a 'java/io/FileNotFoundException'{0x0000000786dbc198}> (0x0000000786dbc198) thrown at [/scratch/mesos/slaves/d65fa3d4-10de-46aa-a2db-52cc9981537a-S382/frameworks/1735e8a2-a1db-478c-8104-60c8b0af87dd-0196/executors/e9a9c702-ca07-4cb0-bf68-f4da15

Events (10 events):
Event: 0.998 loading class com/sun/jna/NativeString$StringMemory
Event: 0.998 loading class com/sun/jna/NativeString$StringMemory done
Event: 1.001 loading class com/sun/jna/Function$PointerArray
Event: 1.001 loading class com/sun/jna/Function$PointerArray done
Event: 1.078 loading class java/nio/DirectByteBuffer$Deallocator
Event: 1.078 loading class java/nio/DirectByteBuffer$Deallocator done
Event: 1.079 loading class java/lang/StrictMath
Event: 1.079 loading class java/lang/StrictMath done
Event: 1.079 loading class com/sun/jna/Native$Buffers
Event: 1.079 loading class com/sun/jna/Native$Buffers done


Dynamic libraries:
0x00007fff2fb55000 	/System/Library/Frameworks/Cocoa.framework/Versions/A/Cocoa
0x00007fff3d123000 	/System/Library/Frameworks/Security.framework/Versions/A/Security
0x00007fff2eadf000 	/System/Library/Frameworks/ApplicationServices.framework/Versions/A/ApplicationServices
0x00007fff67550000 	/usr/lib/libz.1.dylib
0x00007fff6501f000 	/usr/lib/libSystem.B.dylib
0x00007fff30acc000 	/System/Library/Frameworks/CoreFoundation.framework/Versions/A/CoreFoundation
0x00007fff33191000 	/System/Library/Frameworks/Foundation.framework/Versions/C/Foundation
0x00007fff66e74000 	/usr/lib/libobjc.A.dylib
0x00007fff2dcd4000 	/System/Library/Frameworks/AppKit.framework/Versions/C/AppKit
0x00007fff305d8000 	/System/Library/Frameworks/CoreData.framework/Versions/A/CoreData
0x00007fff618c7000 	/System/Library/PrivateFrameworks/UIFoundation.framework/Versions/A/UIFoundation
0x00007fff5c0a3000 	/System/Library/PrivateFrameworks/RemoteViewServices.framework/Versions/A/RemoteViewServices
0x00007fff6435a000 	/System/Library/PrivateFrameworks/XCTTargetBootstrap.framework/Versions/A/XCTTargetBootstrap
0x00007fff309bb000 	/System/Library/Frameworks/CoreDisplay.framework/Versions/A/CoreDisplay
0x00007fff35f09000 	/System/Library/Frameworks/Metal.framework/Versions/A/Metal
0x00007fff4a4a9000 	/System/Library/PrivateFrameworks/DesktopServicesPriv.framework/Versions/A/DesktopServicesPriv
0x00007fff66155000 	/usr/lib/liblangid.dylib
0x00007fff495f5000 	/System/Library/PrivateFrameworks/CoreSVG.framework/Versions/A/CoreSVG
0x00007fff5ee6a000 	/System/Library/PrivateFrameworks/SkyLight.framework/Versions/A/SkyLight
0x00007fff30f4e000 	/System/Library/Frameworks/CoreGraphics.framework/Versions/A/CoreGraphics
0x00007fff2c873000 	/System/Library/Frameworks/Accelerate.framework/Versions/A/Accelerate
0x00007fff67441000 	/usr/lib/libxml2.2.dylib
0x00007fff551cd000 	/System/Library/PrivateFrameworks/IconServices.framework/Versions/A/IconServices
0x00007fff33976000 	/System/Library/Frameworks/IOSurface.framework/Versions/A/IOSurface
0x00007fff64b57000 	/usr/lib/libDiagnosticMessagesClient.dylib
0x00007fff4a322000 	/System/Library/PrivateFrameworks/DFRFoundation.framework/Versions/A/DFRFoundation
0x00007fff65ee3000 	/usr/lib/libicucore.A.dylib
0x00007fff2ee11000 	/System/Library/Frameworks/AudioToolbox.framework/Versions/A/AudioToolbox
0x00007fff2eef3000 	/System/Library/Frameworks/AudioUnit.framework/Versions/A/AudioUnit
0x00007fff65220000 	/usr/lib/libauto.dylib
0x00007fff4a3a3000 	/System/Library/PrivateFrameworks/DataDetectorsCore.framework/Versions/A/DataDetectorsCore
0x00007fff2f675000 	/System/Library/Frameworks/Carbon.framework/Versions/A/Frameworks/HIToolbox.framework/Versions/A/HIToolbox
0x00007fff3c354000 	/System/Library/Frameworks/QuartzCore.framework/Versions/A/QuartzCore
0x00007fff2f9b4000 	/System/Library/Frameworks/Carbon.framework/Versions/A/Frameworks/SpeechRecognition.framework/Versions/A/SpeechRecognition
0x00007fff49ca8000 	/System/Library/PrivateFrameworks/CoreUI.framework/Versions/A/CoreUI
0x00007fff3003e000 	/System/Library/Frameworks/CoreAudio.framework/Versions/A/CoreAudio
0x00007fff32e59000 	/System/Library/Frameworks/DiskArbitration.framework/Versions/A/DiskArbitration
0x00007fff571e2000 	/System/Library/PrivateFrameworks/MultitouchSupport.framework/Versions/A/MultitouchSupport
0x00007fff65da9000 	/usr/lib/libenergytrace.dylib
0x00007fff338d1000 	/System/Library/Frameworks/IOKit.framework/Versions/A/IOKit
0x00007fff31ebc000 	/System/Library/Frameworks/CoreServices.framework/Versions/A/CoreServices
0x00007fff592ef000 	/System/Library/PrivateFrameworks/PerformanceAnalysis.framework/Versions/A/PerformanceAnalysis
0x00007fff3b38a000 	/System/Library/Frameworks/OpenGL.framework/Versions/A/OpenGL
0x00007fff2fb63000 	/System/Library/Frameworks/ColorSync.framework/Versions/A/ColorSync
0x00007fff315d5000 	/System/Library/Frameworks/CoreImage.framework/Versions/A/CoreImage
0x00007fff32932000 	/System/Library/Frameworks/CoreText.framework/Versions/A/CoreText
0x00007fff339fc000 	/System/Library/Frameworks/ImageIO.framework/Versions/A/ImageIO
0x00007fff65305000 	/usr/lib/libc++.1.dylib
0x00007fff65381000 	/usr/lib/libcompression.dylib
0x00007fff64e99000 	/usr/lib/libMobileGestalt.dylib
0x00007fff609a9000 	/System/Library/PrivateFrameworks/TextureIO.framework/Versions/A/TextureIO
0x00007fff65186000 	/usr/lib/libate.dylib
0x00007fff553d6000 	/System/Library/PrivateFrameworks/InternationalSupport.framework/Versions/A/InternationalSupport
0x00007fff67fc6000 	/usr/lib/system/libcache.dylib
0x00007fff67fcc000 	/usr/lib/system/libcommonCrypto.dylib
0x00007fff67fd8000 	/usr/lib/system/libcompiler_rt.dylib
0x00007fff67fe0000 	/usr/lib/system/libcopyfile.dylib
0x00007fff67fea000 	/usr/lib/system/libcorecrypto.dylib
0x00007fff68198000 	/usr/lib/system/libdispatch.dylib
0x00007fff681da000 	/usr/lib/system/libdyld.dylib
0x00007fff68210000 	/usr/lib/system/libkeymgr.dylib
0x00007fff6821e000 	/usr/lib/system/liblaunch.dylib
0x00007fff6821f000 	/usr/lib/system/libmacho.dylib
0x00007fff68225000 	/usr/lib/system/libquarantine.dylib
0x00007fff68228000 	/usr/lib/system/libremovefile.dylib
0x00007fff6822a000 	/usr/lib/system/libsystem_asl.dylib
0x00007fff68242000 	/usr/lib/system/libsystem_blocks.dylib
0x00007fff68243000 	/usr/lib/system/libsystem_c.dylib
0x00007fff682cb000 	/usr/lib/system/libsystem_configuration.dylib
0x00007fff682cf000 	/usr/lib/system/libsystem_coreservices.dylib
0x00007fff682d3000 	/usr/lib/system/libsystem_darwin.dylib
0x00007fff682dc000 	/usr/lib/system/libsystem_dnssd.dylib
0x00007fff682e4000 	/usr/lib/system/libsystem_featureflags.dylib
0x00007fff682e6000 	/usr/lib/system/libsystem_info.dylib
0x00007fff68361000 	/usr/lib/system/libsystem_m.dylib
0x00007fff683a9000 	/usr/lib/system/libsystem_malloc.dylib
0x00007fff683d1000 	/usr/lib/system/libsystem_networkextension.dylib
0x00007fff683df000 	/usr/lib/system/libsystem_notify.dylib
0x00007fff683fe000 	/usr/lib/system/libsystem_sandbox.dylib
0x00007fff68403000 	/usr/lib/system/libsystem_secinit.dylib
0x00007fff68334000 	/usr/lib/system/libsystem_kernel.dylib
0x00007fff683e9000 	/usr/lib/system/libsystem_platform.dylib
0x00007fff683f3000 	/usr/lib/system/libsystem_pthread.dylib
0x00007fff68406000 	/usr/lib/system/libsystem_symptoms.dylib
0x00007fff6840e000 	/usr/lib/system/libsystem_trace.dylib
0x00007fff68426000 	/usr/lib/system/libunwind.dylib
0x00007fff6842c000 	/usr/lib/system/libxpc.dylib
0x00007fff65359000 	/usr/lib/libc++abi.dylib
0x00007fff66157000 	/usr/lib/liblzma.5.dylib
0x00007fff65dd1000 	/usr/lib/libfakelink.dylib
0x00007fff65113000 	/usr/lib/libarchive.2.dylib
0x00007fff3e2c5000 	/System/Library/Frameworks/SystemConfiguration.framework/Versions/A/SystemConfiguration
0x00007fff64a88000 	/usr/lib/libCRFSuite.dylib
0x00007fff2f269000 	/System/Library/Frameworks/CFNetwork.framework/Versions/A/CFNetwork
0x00007fff652e7000 	/usr/lib/libbsm.0.dylib
0x00007fff68211000 	/usr/lib/system/libkxld.dylib
0x00007fff43dd9000 	/System/Library/PrivateFrameworks/AppleFSCompression.framework/Versions/A/AppleFSCompression
0x00007fff65668000 	/usr/lib/libcoretls.dylib
0x00007fff6567f000 	/usr/lib/libcoretls_cfhelpers.dylib
0x00007fff66eb8000 	/usr/lib/libpam.2.dylib
0x00007fff66feb000 	/usr/lib/libsqlite3.dylib
0x00007fff6742e000 	/usr/lib/libxar.1.dylib
0x00007fff652f8000 	/usr/lib/libbz2.1.0.dylib
0x00007fff65df2000 	/usr/lib/libiconv.2.dylib
0x00007fff6536e000 	/usr/lib/libcharset.1.dylib
0x00007fff6695f000 	/usr/lib/libnetwork.dylib
0x00007fff66ebf000 	/usr/lib/libpcap.A.dylib
0x00007fff650c8000 	/usr/lib/libapple_nghttp2.dylib
0x00007fff32273000 	/System/Library/Frameworks/CoreServices.framework/Versions/A/Frameworks/FSEvents.framework/Versions/A/FSEvents
0x00007fff31f43000 	/System/Library/Frameworks/CoreServices.framework/Versions/A/Frameworks/CarbonCore.framework/Versions/A/CarbonCore
0x00007fff324b6000 	/System/Library/Frameworks/CoreServices.framework/Versions/A/Frameworks/Metadata.framework/Versions/A/Metadata
0x00007fff3254f000 	/System/Library/Frameworks/CoreServices.framework/Versions/A/Frameworks/OSServices.framework/Versions/A/OSServices
0x00007fff3257d000 	/System/Library/Frameworks/CoreServices.framework/Versions/A/Frameworks/SearchKit.framework/Versions/A/SearchKit
0x00007fff31ebd000 	/System/Library/Frameworks/CoreServices.framework/Versions/A/Frameworks/AE.framework/Versions/A/AE
0x00007fff3227c000 	/System/Library/Frameworks/CoreServices.framework/Versions/A/Frameworks/LaunchServices.framework/Versions/A/LaunchServices
0x00007fff32225000 	/System/Library/Frameworks/CoreServices.framework/Versions/A/Frameworks/DictionaryServices.framework/Versions/A/DictionaryServices
0x00007fff325e5000 	/System/Library/Frameworks/CoreServices.framework/Versions/A/Frameworks/SharedFileList.framework/Versions/A/SharedFileList
0x00007fff371de000 	/System/Library/Frameworks/NetFS.framework/Versions/A/NetFS
0x00007fff57712000 	/System/Library/PrivateFrameworks/NetAuth.framework/Versions/A/NetAuth
0x00007fff64725000 	/System/Library/PrivateFrameworks/login.framework/Versions/A/Frameworks/loginsupport.framework/Versions/A/loginsupport
0x00007fff604a4000 	/System/Library/PrivateFrameworks/TCC.framework/Versions/A/TCC
0x00007fff489c4000 	/System/Library/PrivateFrameworks/CoreNLP.framework/Versions/A/CoreNLP
0x00007fff56c12000 	/System/Library/PrivateFrameworks/MetadataUtilities.framework/Versions/A/MetadataUtilities
0x00007fff6622f000 	/usr/lib/libmecabra.dylib
0x00007fff66187000 	/usr/lib/libmecab.dylib
0x00007fff65de2000 	/usr/lib/libgermantok.dylib
0x00007fff650af000 	/usr/lib/libThaiTokenizer.dylib
0x00007fff64ac0000 	/usr/lib/libChineseTokenizer.dylib
0x00007fff2c88b000 	/System/Library/Frameworks/Accelerate.framework/Versions/A/Frameworks/vImage.framework/Versions/A/vImage
0x00007fff2db2e000 	/System/Library/Frameworks/Accelerate.framework/Versions/A/Frameworks/vecLib.framework/Versions/A/vecLib
0x00007fff2da72000 	/System/Library/Frameworks/Accelerate.framework/Versions/A/Frameworks/vecLib.framework/Versions/A/libvMisc.dylib
0x00007fff2d898000 	/System/Library/Frameworks/Accelerate.framework/Versions/A/Frameworks/vecLib.framework/Versions/A/libvDSP.dylib
0x00007fff2cef7000 	/System/Library/Frameworks/Accelerate.framework/Versions/A/Frameworks/vecLib.framework/Versions/A/libBLAS.dylib
0x00007fff2d452000 	/System/Library/Frameworks/Accelerate.framework/Versions/A/Frameworks/vecLib.framework/Versions/A/libLAPACK.dylib
0x00007fff2d7f8000 	/System/Library/Frameworks/Accelerate.framework/Versions/A/Frameworks/vecLib.framework/Versions/A/libLinearAlgebra.dylib
0x00007fff2d885000 	/System/Library/Frameworks/Accelerate.framework/Versions/A/Frameworks/vecLib.framework/Versions/A/libSparseBLAS.dylib
0x00007fff2d80e000 	/System/Library/Frameworks/Accelerate.framework/Versions/A/Frameworks/vecLib.framework/Versions/A/libQuadrature.dylib
0x00007fff2d161000 	/System/Library/Frameworks/Accelerate.framework/Versions/A/Frameworks/vecLib.framework/Versions/A/libBNNS.dylib
0x00007fff2d814000 	/System/Library/Frameworks/Accelerate.framework/Versions/A/Frameworks/vecLib.framework/Versions/A/libSparse.dylib
0x00007fff55795000 	/System/Library/PrivateFrameworks/LanguageModeling.framework/Versions/A/LanguageModeling
0x00007fff48360000 	/System/Library/PrivateFrameworks/CoreEmoji.framework/Versions/A/CoreEmoji
0x00007fff558b3000 	/System/Library/PrivateFrameworks/LinguisticData.framework/Versions/A/LinguisticData
0x00007fff55864000 	/System/Library/PrivateFrameworks/Lexicon.framework/Versions/A/Lexicon
0x00007fff6536f000 	/usr/lib/libcmph.dylib
0x00007fff39db0000 	/System/Library/Frameworks/OpenDirectory.framework/Versions/A/Frameworks/CFOpenDirectory.framework/Versions/A/CFOpenDirectory
0x00007fff39dcd000 	/System/Library/Frameworks/OpenDirectory.framework/Versions/A/OpenDirectory
0x00007fff4209a000 	/System/Library/PrivateFrameworks/APFS.framework/Versions/A/APFS
0x00007fff3d476000 	/System/Library/Frameworks/SecurityFoundation.framework/Versions/A/SecurityFoundation
0x00007fff6742a000 	/usr/lib/libutil.dylib
0x00007fff4964d000 	/System/Library/PrivateFrameworks/CoreServicesStore.framework/Versions/A/CoreServicesStore
0x00007fff3d52e000 	/System/Library/Frameworks/ServiceManagement.framework/Versions/A/ServiceManagement
0x00007fff45590000 	/System/Library/PrivateFrameworks/BackgroundTaskManagement.framework/Versions/A/BackgroundTaskManagement
0x00007fff67527000 	/usr/lib/libxslt.1.dylib
0x00007fff4443e000 	/System/Library/PrivateFrameworks/AppleSystemInfo.framework/Versions/A/AppleSystemInfo
0x00007fff33c19000 	/System/Library/Frameworks/ImageIO.framework/Versions/A/Resources/libJPEG.dylib
0x00007fff33ed8000 	/System/Library/Frameworks/ImageIO.framework/Versions/A/Resources/libTIFF.dylib
0x00007fff33ebb000 	/System/Library/Frameworks/ImageIO.framework/Versions/A/Resources/libPng.dylib
0x00007fff33b5a000 	/System/Library/Frameworks/ImageIO.framework/Versions/A/Resources/libGIF.dylib
0x00007fff33b5e000 	/System/Library/Frameworks/ImageIO.framework/Versions/A/Resources/libJP2.dylib
0x00007fff33ed6000 	/System/Library/Frameworks/ImageIO.framework/Versions/A/Resources/libRadiance.dylib
0x00007fff65daa000 	/usr/lib/libexpat.1.dylib
0x00007fff43f34000 	/System/Library/PrivateFrameworks/AppleJPEG.framework/Versions/A/AppleJPEG
0x00007fff4c8c7000 	/System/Library/PrivateFrameworks/FontServices.framework/libFontParser.dylib
0x00007fff6377c000 	/System/Library/PrivateFrameworks/WatchdogClient.framework/Versions/A/WatchdogClient
0x00007fff54e22000 	/System/Library/PrivateFrameworks/IOAccelerator.framework/Versions/A/IOAccelerator
0x00007fff36297000 	/System/Library/Frameworks/MetalPerformanceShaders.framework/Versions/A/MetalPerformanceShaders
0x00007fff51615000 	/System/Library/PrivateFrameworks/GPUWrangler.framework/Versions/A/GPUWrangler
0x00007fff54e2d000 	/System/Library/PrivateFrameworks/IOPresentment.framework/Versions/A/IOPresentment
0x00007fff4a335000 	/System/Library/PrivateFrameworks/DSExternalDisplay.framework/Versions/A/DSExternalDisplay
0x00007fff3a736000 	/System/Library/Frameworks/OpenGL.framework/Versions/A/Libraries/libCoreFSCache.dylib
0x00007fff35fe9000 	/System/Library/Frameworks/MetalPerformanceShaders.framework/Frameworks/MPSCore.framework/Versions/A/MPSCore
0x00007fff36026000 	/System/Library/Frameworks/MetalPerformanceShaders.framework/Frameworks/MPSImage.framework/Versions/A/MPSImage
0x00007fff360e8000 	/System/Library/Frameworks/MetalPerformanceShaders.framework/Frameworks/MPSNeuralNetwork.framework/Versions/A/MPSNeuralNetwork
0x00007fff360ad000 	/System/Library/Frameworks/MetalPerformanceShaders.framework/Frameworks/MPSMatrix.framework/Versions/A/MPSMatrix
0x00007fff36248000 	/System/Library/Frameworks/MetalPerformanceShaders.framework/Frameworks/MPSRayIntersector.framework/Versions/A/MPSRayIntersector
0x00007fff360d2000 	/System/Library/Frameworks/MetalPerformanceShaders.framework/Frameworks/MPSNDArray.framework/Versions/A/MPSNDArray
0x00007fff56c5f000 	/System/Library/PrivateFrameworks/MetalTools.framework/Versions/A/MetalTools
0x00007fff4325f000 	/System/Library/PrivateFrameworks/AggregateDictionary.framework/Versions/A/AggregateDictionary
0x00007fff47dea000 	/System/Library/PrivateFrameworks/CoreAnalytics.framework/Versions/A/CoreAnalytics
0x00007fff4435c000 	/System/Library/PrivateFrameworks/AppleSauce.framework/Versions/A/AppleSauce
0x00007fff64d7c000 	/usr/lib/libIOReport.dylib
0x00007fff32ae7000 	/System/Library/Frameworks/CoreVideo.framework/Versions/A/CoreVideo
0x00007fff52a83000 	/System/Library/PrivateFrameworks/GraphVisualizer.framework/Versions/A/GraphVisualizer
0x00007fff4be48000 	/System/Library/PrivateFrameworks/FaceCore.framework/Versions/A/FaceCore
0x00007fff39d57000 	/System/Library/Frameworks/OpenCL.framework/Versions/A/OpenCL
0x00007fff64b9e000 	/usr/lib/libFosl_dynamic.dylib
0x00007fff5810d000 	/System/Library/PrivateFrameworks/OTSVG.framework/Versions/A/OTSVG
0x00007fff2ebe4000 	/System/Library/Frameworks/ApplicationServices.framework/Versions/A/Frameworks/ATS.framework/Versions/A/Resources/libFontRegistry.dylib
0x00007fff4ca98000 	/System/Library/PrivateFrameworks/FontServices.framework/libhvf.dylib
0x00007fff3a741000 	/System/Library/Frameworks/OpenGL.framework/Versions/A/Libraries/libGFXShared.dylib
0x00007fff3a91e000 	/System/Library/Frameworks/OpenGL.framework/Versions/A/Libraries/libGLU.dylib
0x00007fff3a74a000 	/System/Library/Frameworks/OpenGL.framework/Versions/A/Libraries/libGL.dylib
0x00007fff3a755000 	/System/Library/Frameworks/OpenGL.framework/Versions/A/Libraries/libGLImage.dylib
0x00007fff3a733000 	/System/Library/Frameworks/OpenGL.framework/Versions/A/Libraries/libCVMSPluginSupport.dylib
0x00007fff3a73c000 	/System/Library/Frameworks/OpenGL.framework/Versions/A/Libraries/libCoreVMClient.dylib
0x00007fff66801000 	/usr/lib/libncurses.5.4.dylib
0x00007fff2eae0000 	/System/Library/Frameworks/ApplicationServices.framework/Versions/A/Frameworks/ATS.framework/Versions/A/ATS
0x00007fff2ecad000 	/System/Library/Frameworks/ApplicationServices.framework/Versions/A/Frameworks/ColorSyncLegacy.framework/Versions/A/ColorSyncLegacy
0x00007fff2ed4c000 	/System/Library/Frameworks/ApplicationServices.framework/Versions/A/Frameworks/HIServices.framework/Versions/A/HIServices
0x00007fff2eda3000 	/System/Library/Frameworks/ApplicationServices.framework/Versions/A/Frameworks/LangAnalysis.framework/Versions/A/LangAnalysis
0x00007fff2edb2000 	/System/Library/Frameworks/ApplicationServices.framework/Versions/A/Frameworks/PrintCore.framework/Versions/A/PrintCore
0x00007fff2edf8000 	/System/Library/Frameworks/ApplicationServices.framework/Versions/A/Frameworks/QD.framework/Versions/A/QD
0x00007fff2ee03000 	/System/Library/Frameworks/ApplicationServices.framework/Versions/A/Frameworks/SpeechSynthesis.framework/Versions/A/SpeechSynthesis
0x00007fff2ec7d000 	/System/Library/Frameworks/ApplicationServices.framework/Versions/A/Frameworks/ATSUI.framework/Versions/A/ATSUI
0x00007fff65c3e000 	/usr/lib/libcups.2.dylib
0x00007fff35346000 	/System/Library/Frameworks/Kerberos.framework/Versions/A/Kerberos
0x00007fff335c6000 	/System/Library/Frameworks/GSS.framework/Versions/A/GSS
0x00007fff66f77000 	/usr/lib/libresolv.9.dylib
0x00007fff52c24000 	/System/Library/PrivateFrameworks/Heimdal.framework/Versions/A/Heimdal
0x00007fff35359000 	/System/Library/Frameworks/Kerberos.framework/Versions/A/Libraries/libHeimdalProxy.dylib
0x00007fff65de8000 	/usr/lib/libheimdal-asn1.dylib
0x00007fff47290000 	/System/Library/PrivateFrameworks/CommonAuth.framework/Versions/A/CommonAuth
0x00007fff444db000 	/System/Library/PrivateFrameworks/AssertionServices.framework/Versions/A/AssertionServices
0x00007fff4507e000 	/System/Library/PrivateFrameworks/AudioToolboxCore.framework/Versions/A/AudioToolboxCore
0x00007fff643d6000 	/System/Library/PrivateFrameworks/caulk.framework/Versions/A/caulk
0x00007fff4563c000 	/System/Library/PrivateFrameworks/BaseBoard.framework/Versions/A/BaseBoard
0x00007fff5c232000 	/System/Library/PrivateFrameworks/RunningBoardServices.framework/Versions/A/RunningBoardServices
0x00007fff592fb000 	/System/Library/PrivateFrameworks/PersistentConnection.framework/Versions/A/PersistentConnection
0x00007fff5bc81000 	/System/Library/PrivateFrameworks/ProtocolBuffer.framework/Versions/A/ProtocolBuffer
0x00007fff472b5000 	/System/Library/PrivateFrameworks/CommonUtilities.framework/Versions/A/CommonUtilities
0x00007fff457bf000 	/System/Library/PrivateFrameworks/Bom.framework/Versions/A/Bom
0x00007fff64a4b000 	/usr/lib/libAudioToolboxUtility.dylib
0x00007fff4559a000 	/System/Library/PrivateFrameworks/Backup.framework/Versions/A/Backup
0x00007fff4a0a5000 	/System/Library/PrivateFrameworks/CrashReporterSupport.framework/Versions/A/CrashReporterSupport
0x00007fff5dd2e000 	/System/Library/PrivateFrameworks/Sharing.framework/Versions/A/Sharing
0x00007fff43c7f000 	/System/Library/PrivateFrameworks/Apple80211.framework/Versions/A/Apple80211
0x00007fff452bc000 	/System/Library/PrivateFrameworks/AuthKit.framework/Versions/A/AuthKit
0x00007fff49dd5000 	/System/Library/PrivateFrameworks/CoreUtils.framework/Versions/A/CoreUtils
0x00007fff32b2c000 	/System/Library/Frameworks/CoreWLAN.framework/Versions/A/CoreWLAN
0x00007fff33752000 	/System/Library/Frameworks/IOBluetooth.framework/Versions/A/IOBluetooth
0x00007fff56f5d000 	/System/Library/PrivateFrameworks/MobileKeyBag.framework/Versions/A/MobileKeyBag
0x00007fff48ea0000 	/System/Library/PrivateFrameworks/CorePhoneNumbers.framework/Versions/A/CorePhoneNumbers
0x00007fff43ee7000 	/System/Library/PrivateFrameworks/AppleIDAuthSupport.framework/Versions/A/AppleIDAuthSupport
0x00007fff371eb000 	/System/Library/Frameworks/Network.framework/Versions/A/Network
0x00007fff5561d000 	/System/Library/PrivateFrameworks/KeychainCircle.framework/Versions/A/KeychainCircle
0x00007fff305a0000 	/System/Library/Frameworks/CoreBluetooth.framework/Versions/A/CoreBluetooth
0x00007fff5f9aa000 	/System/Library/PrivateFrameworks/SpeechRecognitionCore.framework/Versions/A/SpeechRecognitionCore
0x0000000102600000 	/Library/Java/JavaVirtualMachines/jdk-11.0.6.jdk/Contents/Home/lib/server/libjvm.dylib
0x000000010145f000 	/Library/Java/JavaVirtualMachines/jdk-11.0.6.jdk/Contents/Home/lib/libverify.dylib
0x000000010146b000 	/Library/Java/JavaVirtualMachines/jdk-11.0.6.jdk/Contents/Home/lib/libjava.dylib
0x00000001014fa000 	/Library/Java/JavaVirtualMachines/jdk-11.0.6.jdk/Contents/Home/lib/libzip.dylib
0x0000000101501000 	/Library/Java/JavaVirtualMachines/jdk-11.0.6.jdk/Contents/Home/lib/libjimage.dylib
0x000000010d56d000 	/Library/Java/JavaVirtualMachines/jdk-11.0.6.jdk/Contents/Home/lib/libnio.dylib
0x0000000124a37000 	/Library/Java/JavaVirtualMachines/jdk-11.0.6.jdk/Contents/Home/lib/libnet.dylib
0x0000000124ad3000 	/Library/Java/JavaVirtualMachines/jdk-11.0.6.jdk/Contents/Home/lib/libawt.dylib
0x0000000124b6e000 	/Library/Java/JavaVirtualMachines/jdk-11.0.6.jdk/Contents/Home/lib/libmlib_image.dylib
0x00007fff3532f000 	/System/Library/Frameworks/JavaVM.framework/Versions/A/Frameworks/JavaNativeFoundation.framework/Versions/A/JavaNativeFoundation
0x00007fff35338000 	/System/Library/Frameworks/JavaVM.framework/Versions/A/Frameworks/JavaRuntimeSupport.framework/Versions/A/JavaRuntimeSupport
0x00007fff35341000 	/System/Library/Frameworks/JavaVM.framework/Versions/A/JavaVM
0x00007fff55480000 	/System/Library/PrivateFrameworks/JavaLaunching.framework/Versions/A/JavaLaunching
0x00007fff2f670000 	/System/Library/Frameworks/Carbon.framework/Versions/A/Carbon
0x00007fff49b89000 	/System/Library/PrivateFrameworks/CoreSymbolication.framework/Versions/A/CoreSymbolication
0x00007fff2f671000 	/System/Library/Frameworks/Carbon.framework/Versions/A/Frameworks/CommonPanels.framework/Versions/A/CommonPanels
0x00007fff2f96a000 	/System/Library/Frameworks/Carbon.framework/Versions/A/Frameworks/Help.framework/Versions/A/Help
0x00007fff2f96e000 	/System/Library/Frameworks/Carbon.framework/Versions/A/Frameworks/ImageCapture.framework/Versions/A/ImageCapture
0x00007fff2f975000 	/System/Library/Frameworks/Carbon.framework/Versions/A/Frameworks/OpenScripting.framework/Versions/A/OpenScripting
0x00007fff2f974000 	/System/Library/Frameworks/Carbon.framework/Versions/A/Frameworks/Ink.framework/Versions/A/Ink
0x00007fff2f9b0000 	/System/Library/Frameworks/Carbon.framework/Versions/A/Frameworks/Print.framework/Versions/A/Print
0x00007fff2f9b1000 	/System/Library/Frameworks/Carbon.framework/Versions/A/Frameworks/SecurityHI.framework/Versions/A/SecurityHI
0x00007fff4a46a000 	/System/Library/PrivateFrameworks/DebugSymbols.framework/Versions/A/DebugSymbols
0x0000000124bd5000 	/Library/Java/JavaVirtualMachines/jdk-11.0.6.jdk/Contents/Home/lib/libawt_lwawt.dylib
0x0000000124c82000 	/Library/Java/JavaVirtualMachines/jdk-11.0.6.jdk/Contents/Home/lib/libosxapp.dylib
0x00007fff33034000 	/System/Library/Frameworks/ExceptionHandling.framework/Versions/A/ExceptionHandling
0x0000000124cc9000 	/Library/Java/JavaVirtualMachines/jdk-11.0.6.jdk/Contents/Home/lib/libjavajpeg.dylib
0x0000000124d74000 	/Users/adriannenu/Library/Caches/JNA/temp/jna6145493676159770824.tmp
0x0000000125303000 	/usr/local/Cellar/tesseract/4.1.1/lib/libtesseract.4.dylib
0x0000000125581000 	/usr/local/opt/leptonica/lib/liblept.5.dylib
0x00007fff65c9f000 	/usr/lib/libcurl.4.dylib
0x0000000124d8a000 	/usr/local/opt/libpng/lib/libpng16.16.dylib
0x0000000124e70000 	/usr/local/opt/jpeg/lib/libjpeg.9.dylib
0x0000000124d57000 	/usr/local/opt/giflib/lib/libgif.dylib
0x0000000125793000 	/usr/local/opt/libtiff/lib/libtiff.5.dylib
0x0000000124d60000 	/usr/local/opt/webp/lib/libwebpmux.3.dylib
0x0000000125800000 	/usr/local/opt/webp/lib/libwebp.7.dylib
0x0000000124ea6000 	/usr/local/opt/openjpeg/lib/libopenjp2.7.dylib
0x00007fff65b24000 	/usr/lib/libcrypto.44.dylib
0x00007fff672cc000 	/usr/lib/libssl.46.dylib
0x00007fff3535a000 	/System/Library/Frameworks/LDAP.framework/Versions/A/LDAP
0x00007fff60bed000 	/System/Library/PrivateFrameworks/TrustEvaluationAgent.framework/Versions/A/TrustEvaluationAgent
0x00007fff66fd6000 	/usr/lib/libsasl2.2.dylib
0x00007fff480d4000 	/System/Library/PrivateFrameworks/CoreDaemon.framework/Versions/B/CoreDaemon
0x00007fff44357000 	/System/Library/PrivateFrameworks/AppleSRP.framework/Versions/A/AppleSRP


VM Arguments:
jvm_args: -Dfile.encoding=UTF-8 -Duser.country=GB -Duser.language=en -Duser.variant 
java_command: Main
java_class_path (initial): /Users/adriannenu/IdeaProjects/untitled/build/classes/java/main:/Users/adriannenu/IdeaProjects/untitled/build/resources/main:/Users/adriannenu/.gradle/caches/modules-2/files-2.1/org.arakhne.afc.ui/awt/13.0/3924540693aa49da8e526215f8215a68b99af761/awt-13.0.jar:/Users/adriannenu/.gradle/caches/modules-2/files-2.1/net.sourceforge.tess4j/tess4j/4.5.3/bfe654c4c2438f98ed34d0cb7835f375ef4a75d3/tess4j-4.5.3.jar:/Users/adriannenu/.gradle/caches/modules-2/files-2.1/org.arakhne.afc.ui/base/13.0/1c236ab1bd16d700646c35c414f46016b900b6b/base-13.0.jar:/Users/adriannenu/.gradle/caches/modules-2/files-2.1/org.ghost4j/ghost4j/1.0.1/a026bc023a623b43df336670ceb00eba355bbc81/ghost4j-1.0.1.jar:/Users/adriannenu/.gradle/caches/modules-2/files-2.1/net.sourceforge.lept4j/lept4j/1.13.1/1ee89a565dd8ddf287f1acd3aa4aecda6f647d49/lept4j-1.13.1.jar:/Users/adriannenu/.gradle/caches/modules-2/files-2.1/net.java.dev.jna/jna/5.6.0/330f2244e9030119ab3030fc3fededc86713d9cc/jna-5.6.0.jar:/Users/adriannenu/.gradle/caches/modules-2/files-2.1/com.github.jai-imageio/jai-imageio-core/1.4.0/fb6d79b929556362a241b2f65a04e538062f0077/jai-imageio-core-1.4.0.jar:/Users/adriannenu/.gradle/caches/modules-2/files-2.1/org.apache.pdfbox/pdfbox-tools/2.0.21/b48c96f72ff260445ccd26101e8271bc6000ecd7/pdfbox-tools-2.0.21.jar:/Users/adriannenu/.gradle/caches/modules-2/files-2.1/org.apache.pdfbox/pdfbox-debugger/2.0.21/e571ae32cc0842da92b97ec1348d437e9bee4b9b/pdfbox-debugger-2.0.21.jar:/Users/adriannenu/.gradle/caches/modules-2/files-2.1/org.apache.pdfbox/pdfbox/2.0.21/64b4338c958658215b2341d1da24f0a71dc9c173/pdfbox-2.0.21.jar:/Users/adriannenu/.gradle/caches/modules-2/files-2.1/org.apache.pdfbox/jbig2-imageio/3.0.3/1719861ff0b86162c5b391fb4d1084c05ff72b35/jbig2-imageio-3.0.3.jar:/Users/adriannenu/.gradle/caches/modules-2/files-2.1/org.apache.xmlgraphics/xmlgraphics-commons/1.4/52a051c7202449347ab3d717987b5fc2e2a52143/xmlgraphics-commons-1.4.jar:/Users/adriannenu/.gradle/caches/modules-2/files-2.1
Launcher Type: SUN_STANDARD

[Global flags]
     intx CICompilerCount                          = 4                                         {product} {ergonomic}
     uint ConcGCThreads                            = 2                                         {product} {ergonomic}
     uint G1ConcRefinementThreads                  = 8                                         {product} {ergonomic}
   size_t G1HeapRegionSize                         = 1048576                                   {product} {ergonomic}
    uintx GCDrainStackTargetSize                   = 64                                        {product} {ergonomic}
   size_t InitialHeapSize                          = 134217728                                 {product} {ergonomic}
   size_t MarkStackSize                            = 4194304                                   {product} {ergonomic}
   size_t MaxHeapSize                              = 2147483648                                {product} {ergonomic}
   size_t MaxNewSize                               = 1287651328                                {product} {ergonomic}
   size_t MinHeapDeltaBytes                        = 1048576                                   {product} {ergonomic}
    uintx NonNMethodCodeHeapSize                   = 5836300                                {pd product} {ergonomic}
    uintx NonProfiledCodeHeapSize                  = 122910970                              {pd product} {ergonomic}
    uintx ProfiledCodeHeapSize                     = 122910970                              {pd product} {ergonomic}
    uintx ReservedCodeCacheSize                    = 251658240                              {pd product} {ergonomic}
     bool SegmentedCodeCache                       = true                                      {product} {ergonomic}
     bool UseCompressedClassPointers               = true                                 {lp64_product} {ergonomic}
     bool UseCompressedOops                        = true                                 {lp64_product} {ergonomic}
     bool UseG1GC                                  = true                                      {product} {ergonomic}

Logging:
Log output configuration:
 #0: stdout all=warning uptime,level,tags
 #1: stderr all=off uptime,level,tags

Environment Variables:
PATH=/usr/local/bin:/usr/bin:/bin:/usr/sbin:/sbin:/usr/local/share/dotnet:~/.dotnet/tools:/Library/Frameworks/Mono.framework/Versions/Current/Commands
SHELL=/bin/bash

Signal Handlers:
SIGSEGV: [libjvm.dylib+0x73ea04], sa_mask[0]=11111111011111110111111111111111, sa_flags=SA_ONSTACK|SA_RESTART|SA_SIGINFO
SIGBUS: [libjvm.dylib+0x73ea04], sa_mask[0]=11111111011111110111111111111111, sa_flags=SA_RESTART|SA_SIGINFO
SIGFPE: [libjvm.dylib+0x73ea04], sa_mask[0]=11111111011111110111111111111111, sa_flags=SA_RESTART|SA_SIGINFO
SIGPIPE: [libjvm.dylib+0x5f1e1f], sa_mask[0]=11111111011111110111111111111111, sa_flags=SA_RESTART|SA_SIGINFO
SIGXFSZ: [libjvm.dylib+0x5f1e1f], sa_mask[0]=11111111011111110111111111111111, sa_flags=SA_RESTART|SA_SIGINFO
SIGILL: [libjvm.dylib+0x73ea04], sa_mask[0]=11111111011111110111111111111111, sa_flags=SA_RESTART|SA_SIGINFO
SIGUSR2: [libjvm.dylib+0x5f2409], sa_mask[0]=00100000000000000000000000000000, sa_flags=SA_RESTART|SA_SIGINFO
SIGHUP: [libjvm.dylib+0x5f0e67], sa_mask[0]=11111111011111110111111111111111, sa_flags=SA_RESTART|SA_SIGINFO
SIGINT: [libjvm.dylib+0x5f0e67], sa_mask[0]=11111111011111110111111111111111, sa_flags=SA_RESTART|SA_SIGINFO
SIGTERM: [libjvm.dylib+0x5f0e67], sa_mask[0]=11111111011111110111111111111111, sa_flags=SA_RESTART|SA_SIGINFO
SIGQUIT: [libjvm.dylib+0x5f0e67], sa_mask[0]=11111111011111110111111111111111, sa_flags=SA_RESTART|SA_SIGINFO


---------------  S Y S T E M  ---------------

OS:uname:Darwin 19.3.0 Darwin Kernel Version 19.3.0: Thu Jan  9 20:58:23 PST 2020; root:xnu-6153.81.5~1/RELEASE_X86_64 x86_64
rlimit: STACK 8192k, CORE 0k, NPROC 1392, NOFILE 10240, AS infinity, DATA infinity, FSIZE infinity
load average:2.44 2.14 2.26

CPU:total 8 (initial active 8) (4 cores per cpu, 2 threads per core) family 6 model 142 stepping 10, cmov, cx8, fxsr, mmx, sse, sse2, sse3, ssse3, sse4.1, sse4.2, popcnt, avx, avx2, aes, clmul, erms, 3dnowpref, lzcnt, ht, tsc, tscinvbit, bmi1, bmi2, adx, fma

Memory: 4k page, physical 8388608k(200128k free)

vm_info: Java HotSpot(TM) 64-Bit Server VM (11.0.6+8-LTS) for bsd-amd64 JRE (11.0.6+8-LTS), built on Dec 11 2019 09:19:47 by "mach5one" with gcc 4.2.1 Compatible Apple LLVM 10.0.0 (clang-1000.11.45.5)

END.
